This file contains any messages produced by compilers while
running configure, to aid debugging if configure makes a mistake.

It was created by configure, which was
generated by GNU Autoconf 2.65.  Invocation command line was

  $ ./configure EXTRASRCDIRS=/home/qingkai/locksmith-1.0/src EXTRAFEATURES=locksmith lockpick stmizer

## --------- ##
## Platform. ##
## --------- ##

hostname = qingkai-OptiPlex-7010
uname -m = i686
uname -r = 3.11.0-12-generic
uname -s = Linux
uname -v = #19-Ubuntu SMP Wed Oct 9 16:12:00 UTC 2013

/usr/bin/uname -p = unknown
/bin/uname -X     = unknown

/bin/arch              = unknown
/usr/bin/arch -k       = unknown
/usr/convex/getsysinfo = unknown
/usr/bin/hostinfo      = unknown
/bin/machine           = unknown
/usr/bin/oslevel       = unknown
/bin/universe          = unknown

PATH: /usr/lib/lightdm/lightdm
PATH: /usr/local/sbin
PATH: /usr/local/bin
PATH: /usr/sbin
PATH: /usr/bin
PATH: /sbin
PATH: /bin
PATH: /usr/games
PATH: /usr/local/games
PATH: export
PATH: /home/qingkai/asvn/


## ----------- ##
## Core tests. ##
## ----------- ##

configure:2223: checking for gcc
configure:2239: found /usr/bin/gcc
configure:2250: result: gcc
configure:2479: checking for C compiler version
configure:2488: gcc --version >&5
gcc (Ubuntu/Linaro 4.8.1-10ubuntu9) 4.8.1
Copyright (C) 2013 Free Software Foundation, Inc.
This is free software; see the source for copying conditions.  There is NO
warranty; not even for MERCHANTABILITY or FITNESS FOR A PARTICULAR PURPOSE.

configure:2499: $? = 0
configure:2488: gcc -v >&5
Using built-in specs.
COLLECT_GCC=gcc
COLLECT_LTO_WRAPPER=/usr/lib/gcc/i686-linux-gnu/4.8/lto-wrapper
Target: i686-linux-gnu
Configured with: ../src/configure -v --with-pkgversion='Ubuntu/Linaro 4.8.1-10ubuntu9' --with-bugurl=file:///usr/share/doc/gcc-4.8/README.Bugs --enable-languages=c,c++,java,go,d,fortran,objc,obj-c++ --prefix=/usr --program-suffix=-4.8 --enable-shared --enable-linker-build-id --libexecdir=/usr/lib --without-included-gettext --enable-threads=posix --with-gxx-include-dir=/usr/include/c++/4.8 --libdir=/usr/lib --enable-nls --with-sysroot=/ --enable-clocale=gnu --enable-libstdcxx-debug --enable-libstdcxx-time=yes --enable-gnu-unique-object --enable-plugin --with-system-zlib --disable-browser-plugin --enable-java-awt=gtk --enable-gtk-cairo --with-java-home=/usr/lib/jvm/java-1.5.0-gcj-4.8-i386/jre --enable-java-home --with-jvm-root-dir=/usr/lib/jvm/java-1.5.0-gcj-4.8-i386 --with-jvm-jar-dir=/usr/lib/jvm-exports/java-1.5.0-gcj-4.8-i386 --with-arch-directory=i386 --with-ecj-jar=/usr/share/java/eclipse-ecj.jar --enable-objc-gc --enable-targets=all --enable-multiarch --disable-werror --with-arch-32=i686 --with-multilib-list=m32,m64,mx32 --with-tune=generic --enable-checking=release --build=i686-linux-gnu --host=i686-linux-gnu --target=i686-linux-gnu
Thread model: posix
gcc version 4.8.1 (Ubuntu/Linaro 4.8.1-10ubuntu9) 
configure:2499: $? = 0
configure:2488: gcc -V >&5
gcc: error: unrecognized command line option '-V'
gcc: fatal error: no input files
compilation terminated.
configure:2499: $? = 4
configure:2488: gcc -qversion >&5
gcc: error: unrecognized command line option '-qversion'
gcc: fatal error: no input files
compilation terminated.
configure:2499: $? = 4
configure:2519: checking whether the C compiler works
configure:2541: gcc    conftest.c  >&5
configure:2545: $? = 0
configure:2594: result: yes
configure:2597: checking for C compiler default output file name
configure:2599: result: a.out
configure:2605: checking for suffix of executables
configure:2612: gcc -o conftest    conftest.c  >&5
configure:2616: $? = 0
configure:2638: result: 
configure:2660: checking whether we are cross compiling
configure:2668: gcc -o conftest    conftest.c  >&5
configure:2672: $? = 0
configure:2679: ./conftest
configure:2683: $? = 0
configure:2698: result: no
configure:2703: checking for suffix of object files
configure:2725: gcc -c   conftest.c >&5
configure:2729: $? = 0
configure:2750: result: o
configure:2754: checking whether we are using the GNU C compiler
configure:2773: gcc -c   conftest.c >&5
configure:2773: $? = 0
configure:2782: result: yes
configure:2791: checking whether gcc accepts -g
configure:2811: gcc -c -g  conftest.c >&5
configure:2811: $? = 0
configure:2852: result: yes
configure:2869: checking for gcc option to accept ISO C89
configure:2933: gcc  -c -g -O2  conftest.c >&5
configure:2933: $? = 0
configure:2946: result: none needed
configure:3004: checking for a BSD-compatible install
configure:3072: result: /usr/bin/install -c
configure:3091: checking build system type
configure:3105: result: i686-pc-linux-gnu
configure:3125: checking host system type
configure:3138: result: i686-pc-linux-gnu
configure:3158: checking target system type
configure:3171: result: i686-pc-linux-gnu
configure:3233: checking for msvc cl.exe (optional)
configure:3248: result: not found
configure:3272: checking ocaml version is at least 3.08
configure:3289: result: version is 3.09.2, ok
configure:3313: checking existence of related ocaml tools
configure:3319: result: ok
configure:3342: checking for Perl
configure:3390: result: found version 5.014002, port linux
configure:3459: checking if performance counters are usable
configure:3467: result: ok (3314.286 cycles per us)
configure:3495: checking for gcc version
configure:3503: checking how to run the C preprocessor
configure:3534: gcc -E  conftest.c
configure:3534: $? = 0
configure:3548: gcc -E  conftest.c
conftest.c:9:28: fatal error: ac_nonexistent.h: No such file or directory
 #include <ac_nonexistent.h>
                            ^
compilation terminated.
configure:3548: $? = 1
configure: failed program was:
| /* confdefs.h */
| #define PACKAGE_NAME ""
| #define PACKAGE_TARNAME ""
| #define PACKAGE_VERSION ""
| #define PACKAGE_STRING ""
| #define PACKAGE_BUGREPORT ""
| #define PACKAGE_URL ""
| /* end confdefs.h.  */
| #include <ac_nonexistent.h>
configure:3573: result: gcc -E
configure:3593: gcc -E  conftest.c
configure:3593: $? = 0
configure:3607: gcc -E  conftest.c
conftest.c:9:28: fatal error: ac_nonexistent.h: No such file or directory
 #include <ac_nonexistent.h>
                            ^
compilation terminated.
configure:3607: $? = 1
configure: failed program was:
| /* confdefs.h */
| #define PACKAGE_NAME ""
| #define PACKAGE_TARNAME ""
| #define PACKAGE_VERSION ""
| #define PACKAGE_STRING ""
| #define PACKAGE_BUGREPORT ""
| #define PACKAGE_URL ""
| /* end confdefs.h.  */
| #include <ac_nonexistent.h>
configure:3636: checking for grep that handles long lines and -e
configure:3694: result: /bin/grep
configure:3699: checking for egrep
configure:3761: result: /bin/grep -E
configure:3766: checking for ANSI C header files
configure:3786: gcc -c -g -O2  conftest.c >&5
configure:3786: $? = 0
configure:3859: gcc -o conftest -g -O2   conftest.c  >&5
configure:3859: $? = 0
configure:3859: ./conftest
configure:3859: $? = 0
configure:3870: result: yes
configure:3883: checking for sys/types.h
configure:3883: gcc -c -g -O2  conftest.c >&5
configure:3883: $? = 0
configure:3883: result: yes
configure:3883: checking for sys/stat.h
configure:3883: gcc -c -g -O2  conftest.c >&5
configure:3883: $? = 0
configure:3883: result: yes
configure:3883: checking for stdlib.h
configure:3883: gcc -c -g -O2  conftest.c >&5
configure:3883: $? = 0
configure:3883: result: yes
configure:3883: checking for string.h
configure:3883: gcc -c -g -O2  conftest.c >&5
configure:3883: $? = 0
configure:3883: result: yes
configure:3883: checking for memory.h
configure:3883: gcc -c -g -O2  conftest.c >&5
configure:3883: $? = 0
configure:3883: result: yes
configure:3883: checking for strings.h
configure:3883: gcc -c -g -O2  conftest.c >&5
configure:3883: $? = 0
configure:3883: result: yes
configure:3883: checking for inttypes.h
configure:3883: gcc -c -g -O2  conftest.c >&5
configure:3883: $? = 0
configure:3883: result: yes
configure:3883: checking for stdint.h
configure:3883: gcc -c -g -O2  conftest.c >&5
configure:3883: $? = 0
configure:3883: result: yes
configure:3883: checking for unistd.h
configure:3883: gcc -c -g -O2  conftest.c >&5
configure:3883: $? = 0
configure:3883: result: yes
configure:3896: checking for __builtin_va_list
configure:3896: gcc -c -g -O2  conftest.c >&5
configure:3896: $? = 0
configure:3896: gcc -c -g -O2  conftest.c >&5
conftest.c: In function 'main':
conftest.c:55:32: error: expected expression before ')' token
 if (sizeof ((__builtin_va_list)))
                                ^
configure:3896: $? = 1
configure: failed program was:
| /* confdefs.h */
| #define PACKAGE_NAME ""
| #define PACKAGE_TARNAME ""
| #define PACKAGE_VERSION ""
| #define PACKAGE_STRING ""
| #define PACKAGE_BUGREPORT ""
| #define PACKAGE_URL ""
| #define STDC_HEADERS 1
| #define HAVE_SYS_TYPES_H 1
| #define HAVE_SYS_STAT_H 1
| #define HAVE_STDLIB_H 1
| #define HAVE_STRING_H 1
| #define HAVE_MEMORY_H 1
| #define HAVE_STRINGS_H 1
| #define HAVE_INTTYPES_H 1
| #define HAVE_STDINT_H 1
| #define HAVE_UNISTD_H 1
| /* end confdefs.h.  */
| #include <stdio.h>
| #ifdef HAVE_SYS_TYPES_H
| # include <sys/types.h>
| #endif
| #ifdef HAVE_SYS_STAT_H
| # include <sys/stat.h>
| #endif
| #ifdef STDC_HEADERS
| # include <stdlib.h>
| # include <stddef.h>
| #else
| # ifdef HAVE_STDLIB_H
| #  include <stdlib.h>
| # endif
| #endif
| #ifdef HAVE_STRING_H
| # if !defined STDC_HEADERS && defined HAVE_MEMORY_H
| #  include <memory.h>
| # endif
| # include <string.h>
| #endif
| #ifdef HAVE_STRINGS_H
| # include <strings.h>
| #endif
| #ifdef HAVE_INTTYPES_H
| # include <inttypes.h>
| #endif
| #ifdef HAVE_STDINT_H
| # include <stdint.h>
| #endif
| #ifdef HAVE_UNISTD_H
| # include <unistd.h>
| #endif
| int
| main ()
| {
| if (sizeof ((__builtin_va_list)))
| 	    return 0;
|   ;
|   return 0;
| }
configure:3896: result: yes
configure:3903: checking if __thread is a keyword
configure:3909: gcc -c -g -O2  conftest.c >&5
conftest.c:19:1: error: storage class specified for unnamed parameter
 int main(int __thread) { return 0; }
 ^
conftest.c: In function 'main':
conftest.c:19:1: error: parameter name omitted
configure:3909: $? = 1
configure: failed program was:
| /* confdefs.h */
| #define PACKAGE_NAME ""
| #define PACKAGE_TARNAME ""
| #define PACKAGE_VERSION ""
| #define PACKAGE_STRING ""
| #define PACKAGE_BUGREPORT ""
| #define PACKAGE_URL ""
| #define STDC_HEADERS 1
| #define HAVE_SYS_TYPES_H 1
| #define HAVE_SYS_STAT_H 1
| #define HAVE_STDLIB_H 1
| #define HAVE_STRING_H 1
| #define HAVE_MEMORY_H 1
| #define HAVE_STRINGS_H 1
| #define HAVE_INTTYPES_H 1
| #define HAVE_STDINT_H 1
| #define HAVE_UNISTD_H 1
| /* end confdefs.h.  */
| int main(int __thread) { return 0; }
configure:3915: result: true
configure:3920: checking if gcc adds underscores to assembly labels.
configure:3926: gcc -o conftest -g -O2   conftest.c  >&5
/tmp/ccY2dneF.o: In function `main':
/home/qingkai/locksmith-1.0/cil/conftest.c:19: undefined reference to `_main'
collect2: error: ld returned 1 exit status
configure:3926: $? = 1
configure: failed program was:
| /* confdefs.h */
| #define PACKAGE_NAME ""
| #define PACKAGE_TARNAME ""
| #define PACKAGE_VERSION ""
| #define PACKAGE_STRING ""
| #define PACKAGE_BUGREPORT ""
| #define PACKAGE_URL ""
| #define STDC_HEADERS 1
| #define HAVE_SYS_TYPES_H 1
| #define HAVE_SYS_STAT_H 1
| #define HAVE_STDLIB_H 1
| #define HAVE_STRING_H 1
| #define HAVE_MEMORY_H 1
| #define HAVE_STRINGS_H 1
| #define HAVE_INTTYPES_H 1
| #define HAVE_STDINT_H 1
| #define HAVE_UNISTD_H 1
| /* end confdefs.h.  */
| int main() { __asm__("jmp _main"); }
configure:3933: result: false
configure:3941: checking for ANSI C header files
configure:4045: result: yes
configure:4056: checking for stdlib.h
configure:4056: result: yes
configure:4056: checking for strings.h
configure:4056: result: yes
configure:4056: checking sys/time.h usability
configure:4056: gcc -c -g -O2  conftest.c >&5
configure:4056: $? = 0
configure:4056: result: yes
configure:4056: checking sys/time.h presence
configure:4056: gcc -E  conftest.c
configure:4056: $? = 0
configure:4056: result: yes
configure:4056: checking for sys/time.h
configure:4056: result: yes
configure:4056: checking for unistd.h
configure:4056: result: yes
configure:4056: checking wchar.h usability
configure:4056: gcc -c -g -O2  conftest.c >&5
configure:4056: $? = 0
configure:4056: result: yes
configure:4056: checking wchar.h presence
configure:4056: gcc -E  conftest.c
configure:4056: $? = 0
configure:4056: result: yes
configure:4056: checking for wchar.h
configure:4056: result: yes
configure:4056: checking stdbool.h usability
configure:4056: gcc -c -g -O2  conftest.c >&5
configure:4056: $? = 0
configure:4056: result: yes
configure:4056: checking stdbool.h presence
configure:4056: gcc -E  conftest.c
configure:4056: $? = 0
configure:4056: result: yes
configure:4056: checking for stdbool.h
configure:4056: result: yes
configure:4069: checking for an ANSI C-conforming const
configure:4134: gcc -c -g -O2  conftest.c >&5
configure:4134: $? = 0
configure:4141: result: yes
configure:4149: checking for inline
configure:4165: gcc -c -g -O2  conftest.c >&5
configure:4165: $? = 0
configure:4173: result: inline
configure:4191: checking whether time.h and sys/time.h may both be included
configure:4211: gcc -c -g -O2  conftest.c >&5
configure:4211: $? = 0
configure:4218: result: yes
configure:4228: checking for working memcmp
configure:4271: gcc -o conftest -g -O2   conftest.c  >&5
configure:4271: $? = 0
configure:4271: ./conftest
configure:4271: $? = 0
configure:4281: result: yes
configure:4293: checking for mkdir
configure:4293: gcc -o conftest -g -O2   conftest.c  >&5
configure:4293: $? = 0
configure:4293: result: yes
configure:4293: checking for select
configure:4293: gcc -o conftest -g -O2   conftest.c  >&5
configure:4293: $? = 0
configure:4293: result: yes
configure:4293: checking for socket
configure:4293: gcc -o conftest -g -O2   conftest.c  >&5
configure:4293: $? = 0
configure:4293: result: yes
configure:4293: checking for __sysv_signal
configure:4293: gcc -o conftest -g -O2   conftest.c  >&5
configure:4293: $? = 0
configure:4293: result: yes
configure:4306: checking for real definition of size_t
configure:4323: gcc -c -g -O2  conftest.c >&5
conftest.c:38:8: error: conflicting types for 'foo'
 size_t foo(size_t x) { return x; }
        ^
conftest.c:37:5: note: previous declaration of 'foo' was here
 int foo(int x);
     ^
configure:4323: $? = 1
configure: failed program was:
| /* confdefs.h */
| #define PACKAGE_NAME ""
| #define PACKAGE_TARNAME ""
| #define PACKAGE_VERSION ""
| #define PACKAGE_STRING ""
| #define PACKAGE_BUGREPORT ""
| #define PACKAGE_URL ""
| #define STDC_HEADERS 1
| #define HAVE_SYS_TYPES_H 1
| #define HAVE_SYS_STAT_H 1
| #define HAVE_STDLIB_H 1
| #define HAVE_STRING_H 1
| #define HAVE_MEMORY_H 1
| #define HAVE_STRINGS_H 1
| #define HAVE_INTTYPES_H 1
| #define HAVE_STDINT_H 1
| #define HAVE_UNISTD_H 1
| #define STDC_HEADERS 1
| #define HAVE_STDLIB_H 1
| #define HAVE_STRINGS_H 1
| #define HAVE_SYS_TIME_H 1
| #define HAVE_UNISTD_H 1
| #define HAVE_WCHAR_H 1
| #define HAVE_STDBOOL_H 1
| #define TIME_WITH_SYS_TIME 1
| #define HAVE_MKDIR 1
| #define HAVE_SELECT 1
| #define HAVE_SOCKET 1
| #define HAVE___SYSV_SIGNAL 1
| /* end confdefs.h.  */
| 
| #include <stddef.h>
| #include <wchar.h>
| /* We define a prototype with one type and the function with
|    another type.  This will result in compilation error
|    unless the types are really identical. */
| int foo(int x);
| size_t foo(size_t x) { return x; }
configure:4342: gcc -c -g -O2  conftest.c >&5
configure:4342: $? = 0
configure:4476: result: unsigned int
configure:4480: checking for real definition of wchar_t
configure:4497: gcc -c -g -O2  conftest.c >&5
conftest.c:39:9: error: conflicting types for 'foo'
 wchar_t foo(wchar_t x) { return x; }
         ^
conftest.c:38:5: note: previous declaration of 'foo' was here
 int foo(int x);
     ^
configure:4497: $? = 1
configure: failed program was:
| /* confdefs.h */
| #define PACKAGE_NAME ""
| #define PACKAGE_TARNAME ""
| #define PACKAGE_VERSION ""
| #define PACKAGE_STRING ""
| #define PACKAGE_BUGREPORT ""
| #define PACKAGE_URL ""
| #define STDC_HEADERS 1
| #define HAVE_SYS_TYPES_H 1
| #define HAVE_SYS_STAT_H 1
| #define HAVE_STDLIB_H 1
| #define HAVE_STRING_H 1
| #define HAVE_MEMORY_H 1
| #define HAVE_STRINGS_H 1
| #define HAVE_INTTYPES_H 1
| #define HAVE_STDINT_H 1
| #define HAVE_UNISTD_H 1
| #define STDC_HEADERS 1
| #define HAVE_STDLIB_H 1
| #define HAVE_STRINGS_H 1
| #define HAVE_SYS_TIME_H 1
| #define HAVE_UNISTD_H 1
| #define HAVE_WCHAR_H 1
| #define HAVE_STDBOOL_H 1
| #define TIME_WITH_SYS_TIME 1
| #define HAVE_MKDIR 1
| #define HAVE_SELECT 1
| #define HAVE_SOCKET 1
| #define HAVE___SYSV_SIGNAL 1
| #define TYPE_SIZE_T "unsigned int"
| /* end confdefs.h.  */
| 
| #include <stddef.h>
| #include <wchar.h>
| /* We define a prototype with one type and the function with
|    another type.  This will result in compilation error
|    unless the types are really identical. */
| int foo(int x);
| wchar_t foo(wchar_t x) { return x; }
configure:4516: gcc -c -g -O2  conftest.c >&5
conftest.c:39:9: error: conflicting types for 'foo'
 wchar_t foo(wchar_t x) { return x; }
         ^
conftest.c:38:14: note: previous declaration of 'foo' was here
 unsigned int foo(unsigned int x);
              ^
configure:4516: $? = 1
configure: failed program was:
| /* confdefs.h */
| #define PACKAGE_NAME ""
| #define PACKAGE_TARNAME ""
| #define PACKAGE_VERSION ""
| #define PACKAGE_STRING ""
| #define PACKAGE_BUGREPORT ""
| #define PACKAGE_URL ""
| #define STDC_HEADERS 1
| #define HAVE_SYS_TYPES_H 1
| #define HAVE_SYS_STAT_H 1
| #define HAVE_STDLIB_H 1
| #define HAVE_STRING_H 1
| #define HAVE_MEMORY_H 1
| #define HAVE_STRINGS_H 1
| #define HAVE_INTTYPES_H 1
| #define HAVE_STDINT_H 1
| #define HAVE_UNISTD_H 1
| #define STDC_HEADERS 1
| #define HAVE_STDLIB_H 1
| #define HAVE_STRINGS_H 1
| #define HAVE_SYS_TIME_H 1
| #define HAVE_UNISTD_H 1
| #define HAVE_WCHAR_H 1
| #define HAVE_STDBOOL_H 1
| #define TIME_WITH_SYS_TIME 1
| #define HAVE_MKDIR 1
| #define HAVE_SELECT 1
| #define HAVE_SOCKET 1
| #define HAVE___SYSV_SIGNAL 1
| #define TYPE_SIZE_T "unsigned int"
| /* end confdefs.h.  */
| 
| #include <stddef.h>
| #include <wchar.h>
| /* We define a prototype with one type and the function with
|    another type.  This will result in compilation error
|    unless the types are really identical. */
| unsigned int foo(unsigned int x);
| wchar_t foo(wchar_t x) { return x; }
configure:4537: gcc -c -g -O2  conftest.c >&5
configure:4537: $? = 0
configure:4650: result: long
configure:4660: result: configuring for linux/x86
configure:4752: checking for obj/x86_LINUX
configure:4766: result: yes
configure:4778: checking delete the obj/x86_LINUX/feature_config.ml and obj/x86_LINUX/machdep.ml file
configure:4784: result: done
configure:4835: checking whether to use CIL feature blockinggraph
configure:4842: result: no
configure:4835: checking whether to use CIL feature zrapp
configure:4842: result: no
configure:4835: checking whether to use CIL feature llvm
configure:4842: result: no
configure:4835: checking whether to use CIL feature locksmith
configure:4842: result: yes
configure:4835: checking whether to use CIL feature lockpick
configure:4842: result: yes
configure:4835: checking whether to use CIL feature stmizer
configure:4842: result: yes
configure:5099: creating ./config.status

## ---------------------- ##
## Running config.status. ##
## ---------------------- ##

This file was extended by config.status, which was
generated by GNU Autoconf 2.65.  Invocation command line was

  CONFIG_FILES    = 
  CONFIG_HEADERS  = 
  CONFIG_LINKS    = 
  CONFIG_COMMANDS = 
  $ ./config.status 

on qingkai-OptiPlex-7010

config.status:859: creating Makefile
config.status:859: creating META
config.status:859: creating cil.spec
config.status:859: creating config.mk
config.status:859: creating bin/cilly.bat
config.status:859: creating bin/patcher.bat
config.status:859: creating bin/CilConfig.pm
config.status:859: creating doc/index.html
config.status:859: creating doc/header.html
config.status:859: creating ocamlutil/perfcount.c
config.status:859: creating test/llvm/Makefile
config.status:859: creating src/machdep-ml.c
config.status:859: creating config.h
config.status:1025: config.h is unchanged

## ---------------- ##
## Cache variables. ##
## ---------------- ##

ac_cv_build=i686-pc-linux-gnu
ac_cv_c_compiler_gnu=yes
ac_cv_c_const=yes
ac_cv_c_inline=inline
ac_cv_env_CC_set=
ac_cv_env_CC_value=
ac_cv_env_CFLAGS_set=
ac_cv_env_CFLAGS_value=
ac_cv_env_CPPFLAGS_set=
ac_cv_env_CPPFLAGS_value=
ac_cv_env_CPP_set=
ac_cv_env_CPP_value=
ac_cv_env_LDFLAGS_set=
ac_cv_env_LDFLAGS_value=
ac_cv_env_LIBS_set=
ac_cv_env_LIBS_value=
ac_cv_env_build_alias_set=
ac_cv_env_build_alias_value=
ac_cv_env_host_alias_set=
ac_cv_env_host_alias_value=
ac_cv_env_target_alias_set=
ac_cv_env_target_alias_value=
ac_cv_file_obj_x86_LINUX=yes
ac_cv_func___sysv_signal=yes
ac_cv_func_memcmp_working=yes
ac_cv_func_mkdir=yes
ac_cv_func_select=yes
ac_cv_func_socket=yes
ac_cv_header_inttypes_h=yes
ac_cv_header_memory_h=yes
ac_cv_header_stdbool_h=yes
ac_cv_header_stdc=yes
ac_cv_header_stdint_h=yes
ac_cv_header_stdlib_h=yes
ac_cv_header_string_h=yes
ac_cv_header_strings_h=yes
ac_cv_header_sys_stat_h=yes
ac_cv_header_sys_time_h=yes
ac_cv_header_sys_types_h=yes
ac_cv_header_time=yes
ac_cv_header_unistd_h=yes
ac_cv_header_wchar_h=yes
ac_cv_host=i686-pc-linux-gnu
ac_cv_objext=o
ac_cv_path_EGREP='/bin/grep -E'
ac_cv_path_GREP=/bin/grep
ac_cv_path_install='/usr/bin/install -c'
ac_cv_prog_CPP='gcc -E'
ac_cv_prog_ac_ct_CC=gcc
ac_cv_prog_cc_c89=
ac_cv_prog_cc_g=yes
ac_cv_target=i686-pc-linux-gnu
ac_cv_type___builtin_va_list=yes

## ----------------- ##
## Output variables. ##
## ----------------- ##

ARCHOS='x86_LINUX'
CC='gcc'
CFLAGS='-g -O2'
CILHOME='/home/qingkai/locksmith-1.0/cil'
CIL_VERSION='1.3.7'
CIL_VERSION_MAJOR='1'
CIL_VERSION_MINOR='3'
CIL_VERSION_REV='7'
CPP='gcc -E'
CPPFLAGS=''
CYCLES_PER_USEC='3314.286'
DEFAULT_CIL_MODE='GNUCC'
DEFAULT_COMPILER='_GNUCC'
DEFS='-DHAVE_CONFIG_H'
ECHO_C=''
ECHO_N='-n'
ECHO_T=''
EGREP='/bin/grep -E'
EXEEXT=''
EXTRAFEATURES='locksmith lockpick stmizer'
EXTRASRCDIRS='/home/qingkai/locksmith-1.0/src'
GREP='/bin/grep'
HAS_MSVC='no'
HAS_PERFCOUNT='1'
HAVE_BUILTIN_VA_LIST='true'
INSTALL_DATA='${INSTALL} -m 644'
INSTALL_PROGRAM='${INSTALL}'
INSTALL_SCRIPT='${INSTALL}'
LDFLAGS=''
LIBOBJS=''
LIBS=''
LTLIBOBJS=''
MINGW=''
OBJEXT='o'
PACKAGE_BUGREPORT=''
PACKAGE_NAME=''
PACKAGE_STRING=''
PACKAGE_TARNAME=''
PACKAGE_URL=''
PACKAGE_VERSION=''
PATH_SEPARATOR=':'
SHELL='/bin/bash'
THREAD_IS_KEYWORD='true'
UNDERSCORE_NAME='false'
ac_ct_CC='gcc'
bindir='${exec_prefix}/bin'
build='i686-pc-linux-gnu'
build_alias=''
build_cpu='i686'
build_os='linux-gnu'
build_vendor='pc'
datadir='${datarootdir}'
datarootdir='${prefix}/share'
docdir='${datarootdir}/doc/${PACKAGE}'
dvidir='${docdir}'
exec_prefix='${prefix}'
host='i686-pc-linux-gnu'
host_alias=''
host_cpu='i686'
host_os='linux-gnu'
host_vendor='pc'
htmldir='${docdir}'
includedir='${prefix}/include'
infodir='${datarootdir}/info'
libdir='${exec_prefix}/lib'
libexecdir='${exec_prefix}/libexec'
localedir='${datarootdir}/locale'
localstatedir='${prefix}/var'
mandir='${datarootdir}/man'
oldincludedir='/usr/include'
pdfdir='${docdir}'
prefix='/usr/local'
program_transform_name='s,x,x,'
psdir='${docdir}'
sbindir='${exec_prefix}/sbin'
sharedstatedir='${prefix}/com'
sysconfdir='${prefix}/etc'
target='i686-pc-linux-gnu'
target_alias=''
target_cpu='i686'
target_os='linux-gnu'
target_vendor='pc'

## ----------- ##
## confdefs.h. ##
## ----------- ##

/* confdefs.h */
#define PACKAGE_NAME ""
#define PACKAGE_TARNAME ""
#define PACKAGE_VERSION ""
#define PACKAGE_STRING ""
#define PACKAGE_BUGREPORT ""
#define PACKAGE_URL ""
#define STDC_HEADERS 1
#define HAVE_SYS_TYPES_H 1
#define HAVE_SYS_STAT_H 1
#define HAVE_STDLIB_H 1
#define HAVE_STRING_H 1
#define HAVE_MEMORY_H 1
#define HAVE_STRINGS_H 1
#define HAVE_INTTYPES_H 1
#define HAVE_STDINT_H 1
#define HAVE_UNISTD_H 1
#define STDC_HEADERS 1
#define HAVE_STDLIB_H 1
#define HAVE_STRINGS_H 1
#define HAVE_SYS_TIME_H 1
#define HAVE_UNISTD_H 1
#define HAVE_WCHAR_H 1
#define HAVE_STDBOOL_H 1
#define TIME_WITH_SYS_TIME 1
#define HAVE_MKDIR 1
#define HAVE_SELECT 1
#define HAVE_SOCKET 1
#define HAVE___SYSV_SIGNAL 1
#define TYPE_SIZE_T "unsigned int"
#define TYPE_WCHAR_T "long"

configure: exit 0

## ---------------------- ##
## Running config.status. ##
## ---------------------- ##

This file was extended by config.status, which was
generated by GNU Autoconf 2.65.  Invocation command line was

  CONFIG_FILES    = 
  CONFIG_HEADERS  = 
  CONFIG_LINKS    = 
  CONFIG_COMMANDS = 
  $ ./config.status --file=obj/x86_LINUX/cilversion.ml:src/cilversion.ml.in

on qingkai-OptiPlex-7010

config.status:859: creating obj/x86_LINUX/cilversion.ml

## ---------------------- ##
## Running config.status. ##
## ---------------------- ##

This file was extended by config.status, which was
generated by GNU Autoconf 2.65.  Invocation command line was

  CONFIG_FILES    = 
  CONFIG_HEADERS  = 
  CONFIG_LINKS    = 
  CONFIG_COMMANDS = 
  $ ./config.status --file=obj/x86_LINUX/cilversion.ml:src/cilversion.ml.in

on qingkai-OptiPlex-7010

config.status:859: creating obj/x86_LINUX/cilversion.ml
